Running: C:\Xilinx\14.7\ISE_DS\ISE\bin\nt64\unwrapped\fuse.exe -intstyle ise -incremental -o C:/Users/Robin/Documents/Mindstorm/VHDL-Mindstorm-NXT/test_isim_beh.exe -prj C:/Users/Robin/Documents/Mindstorm/VHDL-Mindstorm-NXT/test_beh.prj work.test 
ISim P.20131013 (signature 0x7708f090)
Number of CPUs detected in this system: 4
Turning on mult-threading, number of parallel sub-compilation jobs: 8 
Determining compilation order of HDL files
Parsing VHDL file "C:/Users/Robin/Documents/Mindstorm/VHDL-Mindstorm-NXT/i2c_master.vhd" into library work
WARNING:HDLCompiler:957 - "C:/Users/Robin/Documents/Mindstorm/VHDL-Mindstorm-NXT/i2c_master.vhd" Line 86: Case choice must be a locally static expression
WARNING:HDLCompiler:957 - "C:/Users/Robin/Documents/Mindstorm/VHDL-Mindstorm-NXT/i2c_master.vhd" Line 89: Case choice must be a locally static expression
WARNING:HDLCompiler:957 - "C:/Users/Robin/Documents/Mindstorm/VHDL-Mindstorm-NXT/i2c_master.vhd" Line 92: Case choice must be a locally static expression
Parsing VHDL file "C:/Users/Robin/Documents/Mindstorm/VHDL-Mindstorm-NXT/main.vhd" into library work
Parsing VHDL file "C:/Users/Robin/Documents/Mindstorm/VHDL-Mindstorm-NXT/test.vhd" into library work
Starting static elaboration
Completed static elaboration
Compiling package standard
Compiling package std_logic_1164
Compiling package std_logic_arith
Compiling package std_logic_unsigned
Compiling architecture logic of entity i2c_master [\i2c_master(50000000,9600)\]
Compiling architecture behavioral of entity main [main_default]
Compiling architecture behavior of entity test
Time Resolution for simulation is 1ps.
Waiting for 1 sub-compilation(s) to finish...
Compiled 9 VHDL Units
Built simulation executable C:/Users/Robin/Documents/Mindstorm/VHDL-Mindstorm-NXT/test_isim_beh.exe
Fuse Memory Usage: 33684 KB
Fuse CPU Usage: 671 ms
