Release 14.7 Map P.20131013 (nt64)
Xilinx Mapping Report File for Design 'main'

Design Information
------------------
Command Line   : map -intstyle ise -p xc3s1200e-fg320-5 -cm area -ir off -pr off
-c 100 -o main_map.ncd main.ngd main.pcf 
Target Device  : xc3s1200e
Target Package : fg320
Target Speed   : -5
Mapper Version : spartan3e -- $Revision: 1.55 $
Mapped Date    : Mon Nov 09 12:42:51 2015

Design Summary
--------------
Number of errors   :  28
Number of warnings :   0

Section 1 - Errors
------------------
ERROR:MapLib:979 - LUT4 symbol "busy_cnt<2>1" (output signal=busy_cnt<2>) has
   input signal "busy_cnt<1>" which will be trimmed. See Section 5 of the Map
   Report File for details about why the input signal will become undriven.
ERROR:MapLib:979 - LUT4 symbol "busy_cnt<2>1" (output signal=busy_cnt<2>) has
   input signal "busy_cnt<0>" which will be trimmed. See Section 5 of the Map
   Report File for details about why the input signal will become undriven.
ERROR:MapLib:979 - LUT3 symbol "i2c_data_wr_mux0000<0>1" (output
   signal=i2c_data_wr_mux0000<0>) has input signal "busy_cnt<1>" which will be
   trimmed. See Section 5 of the Map Report File for details about why the input
   signal will become undriven.
ERROR:MapLib:979 - LUT3 symbol "i2c_data_wr_mux0000<0>1" (output
   signal=i2c_data_wr_mux0000<0>) has input signal "busy_cnt<0>" which will be
   trimmed. See Section 5 of the Map Report File for details about why the input
   signal will become undriven.
ERROR:MapLib:979 - LUT2 symbol "i2c_data_wr_mux0000<0>11" (output
   signal=i2c_data_wr_not0001) has input signal "busy_cnt<0>" which will be
   trimmed. See Section 5 of the Map Report File for details about why the input
   signal will become undriven.
ERROR:MapLib:979 - LUT4 symbol "i2c_master_bus/addr_rw_mux0002<0>118" (output
   signal=i2c_master_bus/addr_rw_mux0002<0>118) has input signal "i2c_ena" which
   will be trimmed. See Section 5 of the Map Report File for details about why
   the input signal will become undriven.
ERROR:MapLib:979 - LUT4 symbol "i2c_master_bus/addr_rw_mux0002<0>21" (output
   signal=N35) has input signal "i2c_ena" which will be trimmed. See Section 5
   of the Map Report File for details about why the input signal will become
   undriven.
ERROR:MapLib:979 - LUT4 symbol "i2c_master_bus/busy_mux000117" (output
   signal=i2c_master_bus/busy_mux000117) has input signal "i2c_ena" which will
   be trimmed. See Section 5 of the Map Report File for details about why the
   input signal will become undriven.
ERROR:MapLib:979 - LUT4 symbol "i2c_master_bus/busy_mux000161" (output
   signal=i2c_master_bus/busy_mux000161) has input signal "i2c_ena" which will
   be trimmed. See Section 5 of the Map Report File for details about why the
   input signal will become undriven.
ERROR:MapLib:979 - LUT4_D symbol "i2c_master_bus/sda_int_mux000191" (output
   signal=N18) has input signal "i2c_ena" which will be trimmed. See Section 5
   of the Map Report File for details about why the input signal will become
   undriven.
ERROR:MapLib:979 - LUT3 symbol "i2c_master_bus/state_FSM_FFd1-In1" (output
   signal=i2c_master_bus/state_FSM_FFd1-In) has input signal "i2c_ena" which
   will be trimmed. See Section 5 of the Map Report File for details about why
   the input signal will become undriven.
ERROR:MapLib:979 - LUT4 symbol "i2c_master_bus/state_FSM_FFd8-In40" (output
   signal=i2c_master_bus/state_FSM_FFd8-In) has input signal "i2c_ena" which
   will be trimmed. See Section 5 of the Map Report File for details about why
   the input signal will become undriven.
ERROR:MapLib:979 - LUT3 symbol "i2c_master_bus/state_FSM_FFd9-In1" (output
   signal=i2c_master_bus/state_FSM_FFd9-In) has input signal "i2c_ena" which
   will be trimmed. See Section 5 of the Map Report File for details about why
   the input signal will become undriven.
ERROR:MapLib:979 - LUT2 symbol "i2c_rw_mux00001" (output signal=i2c_rw_mux0000)
   has input signal "busy_cnt<0>" which will be trimmed. See Section 5 of the
   Map Report File for details about why the input signal will become undriven.
ERROR:MapLib:978 - LUT4 symbol "busy_cnt<2>1" (output signal=busy_cnt<2>) has an
   equation that uses input pin I2, which no longer has a connected signal.
   Please ensure that all the pins used in the equation for this LUT have
   signals that are not trimmed (see Section 5 of the Map Report File for
   details on which signals were trimmed).
ERROR:MapLib:978 - LUT4 symbol "busy_cnt<2>1" (output signal=busy_cnt<2>) has an
   equation that uses input pin I3, which no longer has a connected signal.
   Please ensure that all the pins used in the equation for this LUT have
   signals that are not trimmed (see Section 5 of the Map Report File for
   details on which signals were trimmed).
ERROR:MapLib:978 - LUT3 symbol "i2c_data_wr_mux0000<0>1" (output
   signal=i2c_data_wr_mux0000<0>) has an equation that uses input pin I1, which
   no longer has a connected signal. Please ensure that all the pins used in the
   equation for this LUT have signals that are not trimmed (see Section 5 of the
   Map Report File for details on which signals were trimmed).
ERROR:MapLib:978 - LUT3 symbol "i2c_data_wr_mux0000<0>1" (output
   signal=i2c_data_wr_mux0000<0>) has an equation that uses input pin I2, which
   no longer has a connected signal. Please ensure that all the pins used in the
   equation for this LUT have signals that are not trimmed (see Section 5 of the
   Map Report File for details on which signals were trimmed).
ERROR:MapLib:978 - LUT2 symbol "i2c_data_wr_mux0000<0>11" (output
   signal=i2c_data_wr_not0001) has an equation that uses input pin I1, which no
   longer has a connected signal. Please ensure that all the pins used in the
   equation for this LUT have signals that are not trimmed (see Section 5 of the
   Map Report File for details on which signals were trimmed).
ERROR:MapLib:978 - LUT4 symbol "i2c_master_bus/addr_rw_mux0002<0>118" (output
   signal=i2c_master_bus/addr_rw_mux0002<0>118) has an equation that uses input
   pin I1, which no longer has a connected signal. Please ensure that all the
   pins used in the equation for this LUT have signals that are not trimmed (see
   Section 5 of the Map Report File for details on which signals were trimmed).
ERROR:MapLib:978 - LUT4 symbol "i2c_master_bus/addr_rw_mux0002<0>21" (output
   signal=N35) has an equation that uses input pin I0, which no longer has a
   connected signal. Please ensure that all the pins used in the equation for
   this LUT have signals that are not trimmed (see Section 5 of the Map Report
   File for details on which signals were trimmed).
ERROR:MapLib:978 - LUT4 symbol "i2c_master_bus/busy_mux000117" (output
   signal=i2c_master_bus/busy_mux000117) has an equation that uses input pin I2,
   which no longer has a connected signal. Please ensure that all the pins used
   in the equation for this LUT have signals that are not trimmed (see Section 5
   of the Map Report File for details on which signals were trimmed).
ERROR:MapLib:978 - LUT4 symbol "i2c_master_bus/busy_mux000161" (output
   signal=i2c_master_bus/busy_mux000161) has an equation that uses input pin I3,
   which no longer has a connected signal. Please ensure that all the pins used
   in the equation for this LUT have signals that are not trimmed (see Section 5
   of the Map Report File for details on which signals were trimmed).
ERROR:MapLib:978 - LUT4_D symbol "i2c_master_bus/sda_int_mux000191" (output
   signal=N18) has an equation that uses input pin I3, which no longer has a
   connected signal. Please ensure that all the pins used in the equation for
   this LUT have signals that are not trimmed (see Section 5 of the Map Report
   File for details on which signals were trimmed).
ERROR:MapLib:978 - LUT3 symbol "i2c_master_bus/state_FSM_FFd1-In1" (output
   signal=i2c_master_bus/state_FSM_FFd1-In) has an equation that uses input pin
   I0, which no longer has a connected signal. Please ensure that all the pins
   used in the equation for this LUT have signals that are not trimmed (see
   Section 5 of the Map Report File for details on which signals were trimmed).
ERROR:MapLib:978 - LUT4 symbol "i2c_master_bus/state_FSM_FFd8-In40" (output
   signal=i2c_master_bus/state_FSM_FFd8-In) has an equation that uses input pin
   I0, which no longer has a connected signal. Please ensure that all the pins
   used in the equation for this LUT have signals that are not trimmed (see
   Section 5 of the Map Report File for details on which signals were trimmed).
ERROR:MapLib:978 - LUT3 symbol "i2c_master_bus/state_FSM_FFd9-In1" (output
   signal=i2c_master_bus/state_FSM_FFd9-In) has an equation that uses input pin
   I0, which no longer has a connected signal. Please ensure that all the pins
   used in the equation for this LUT have signals that are not trimmed (see
   Section 5 of the Map Report File for details on which signals were trimmed).
ERROR:MapLib:978 - LUT2 symbol "i2c_rw_mux00001" (output signal=i2c_rw_mux0000)
   has an equation that uses input pin I1, which no longer has a connected
   signal. Please ensure that all the pins used in the equation for this LUT
   have signals that are not trimmed (see Section 5 of the Map Report File for
   details on which signals were trimmed).

Section 2 - Warnings
--------------------

Section 3 - Informational
-------------------------
INFO:LIT:243 - Logical network E<0>_IBUF has no load.
INFO:LIT:395 - The above info message is repeated 20 more times for the
   following (max. 5 shown):
   E<1>_IBUF,
   E<2>_IBUF,
   E<3>_IBUF,
   B<3>_IBUF,
   D<0>_IBUF
   To see the details of these info messages, please use the -detail switch.
INFO:MapLib:564 - The following environment variables are currently set:
INFO:MapLib:591 - XIL_MAP_LOCWARN 	Value: 1

Section 4 - Removed Logic Summary
---------------------------------
   5 block(s) removed
   2 block(s) optimized away
   5 signal(s) removed

Section 5 - Removed Logic
-------------------------

The trimmed logic reported below is either:
   1. part of a cycle
   2. part of disabled logic
   3. a side-effect of other trimmed logic

The signal "busy_cnt<0>" is unused and has been removed.
 Unused block "busy_cnt<0>" (ROM) removed.
The signal "busy_cnt<1>" is unused and has been removed.
 Unused block "busy_cnt<1>" (ROM) removed.
The signal "i2c_ena" is unused and has been removed.
 Unused block "i2c_ena" (LATCH) removed.
  The signal "i2c_ena_mux0000" is unused and has been removed.
   Unused block "i2c_ena_mux00001" (ROM) removed.
  The signal "i2c_ena_not0001" is unused and has been removed.
   Unused block "i2c_ena_not00011" (ROM) removed.

Optimized Block(s):
TYPE 		BLOCK
GND 		XST_GND
VCC 		XST_VCC

To enable printing of redundant blocks removed and signals merged, set the
detailed map report option and rerun map.
