Release 14.7 - WebTalk (P.20131013)
Copyright (c) 1995-2010 Xilinx, Inc.  All rights reserved.

Project Information
--------------------
ProjectID=5309DDBCF0E7497180B2CB4479C5FF16
<<<<<<< HEAD
ProjectIteration=19
=======
ProjectIteration=24
>>>>>>> 7223f883d832eee8074a72502249c2102a9c4de5

WebTalk Summary
----------------
INFO:WebTalk:1 - WebTalk is enabled because you are using a WebPACK license.

INFO:WebTalk:8 - WebTalk Install setting is ON.
INFO:WebTalk:6 - WebTalk User setting is ON.

<<<<<<< HEAD
INFO:WebTalk:4 - C:/Users/Robin/Documents/Mindstorm/VHDL-Mindstorm-NXT/usage_statistics_webtalk.html WebTalk report has been successfully sent to Xilinx on 2015-10-22T20:27:01.  For additional details about this file, please refer to the WebTalk help file at C:/Xilinx/14.7/ISE_DS/ISE/data/reports/webtalk_introduction.html
=======
INFO:WebTalk:5 - C:/Users/Robin/Documents/Mindstorm/test/usage_statistics_webtalk.html WebTalk report has not been sent to Xilinx.  Please check your network and proxy settings.  For additional details about this file, please refer to the WebTalk help file at C:/Xilinx/14.7/ISE_DS/ISE/data/reports/webtalk_introduction.html
>>>>>>> 7223f883d832eee8074a72502249c2102a9c4de5
